<?xml version="1.0" encoding="UTF-8"?>
<!-- Generated by org.testng.reporters.JUnitXMLReporter -->
<testsuite ignored="0" hostname="BOOK-MKHEOP889O" failures="0" tests="6" name="Default test" time="8.887" errors="0" timestamp="2023-05-25T12:57:20 PDT">
  <testcase classname="tek.api.sqa.tests.GetAllAccountTest" name="getAllAccountTest" time="4.657"/>
  <testcase classname="tek.api.sqa.tests.TokenVerifyTest" name="verifyValidToken" time="0.969"/>
  <testcase classname="tek.api.sqa.tests.SecurityTest" name="testGenerateTokenValidUser" time="0.591"/>
  <testcase classname="tek.api.sqa.tests.SecurityTest" name="tokenWithInvalidDataTest" time="0.425"/>
  <testcase classname="tek.api.sqa.tests.SecurityTest" name="tokenWithInvalidDataTest" time="0.514"/>
  <testcase classname="tek.api.sqa.tests.GetAccountTest" name="GetAccountWithExistingId" time="1.211"/>
</testsuite> <!-- Default test -->
