<?xml version="1.0" encoding="UTF-8"?>
<testng-results ignored="0" total="1" passed="1" failed="0" skipped="0">
  <reporter-output>
  </reporter-output>
  <suite started-at="2023-05-31T11:33:51 PDT" name="Default suite" finished-at="2023-05-31T11:33:54 PDT" duration-ms="3054">
    <groups>
    </groups>
    <test started-at="2023-05-31T11:33:51 PDT" name="Default test" finished-at="2023-05-31T11:33:54 PDT" duration-ms="3054">
      <class name="tek.api.sqa.tests.CreateAccountTest">
        <test-method is-config="true" signature="setupApiTest()[pri:0, instance:tek.api.sqa.tests.CreateAccountTest@12299890]" started-at="2023-05-31T11:33:51 PDT" name="setupApiTest" finished-at="2023-05-31T11:33:51 PDT" duration-ms="318" status="PASS">
          <reporter-output>
          </reporter-output>
        </test-method> <!-- setupApiTest -->
        <test-method signature="createAccountValidTest()[pri:0, instance:tek.api.sqa.tests.CreateAccountTest@12299890]" started-at="2023-05-31T11:33:51 PDT" name="createAccountValidTest" finished-at="2023-05-31T11:33:54 PDT" duration-ms="2523" status="PASS">
          <reporter-output>
          </reporter-output>
        </test-method> <!-- createAccountValidTest -->
      </class> <!-- tek.api.sqa.tests.CreateAccountTest -->
    </test> <!-- Default test -->
  </suite> <!-- Default suite -->
</testng-results>
